<?xml version="1.0" encoding="UTF-8"?>
<coverage generated="1652663135271" clover="3.2.0">
  <project timestamp="1652663135271" name="All files">
    <metrics statements="81" coveredstatements="64" conditionals="48" coveredconditionals="31" methods="34" coveredmethods="26" elements="163" coveredelements="121" complexity="0" loc="81" ncloc="81" packages="3" files="4" classes="4"/>
    <package name="src">
      <metrics statements="1" coveredstatements="0" conditionals="0" coveredconditionals="0" methods="0" coveredmethods="0"/>
      <file name="index.js" path="/Users/guillermosantosbarrios/Developer/Web Development/Curso Progra Web/lab-10/src/index.js">
        <metrics statements="1" coveredstatements="0" conditionals="0" coveredconditionals="0" methods="0" coveredmethods="0"/>
        <line num="6" count="0" type="stmt"/>
      </file>
    </package>
    <package name="src.components">
      <metrics statements="74" coveredstatements="58" conditionals="48" coveredconditionals="31" methods="28" coveredmethods="20"/>
      <file name="App.jsx" path="/Users/guillermosantosbarrios/Developer/Web Development/Curso Progra Web/lab-10/src/components/App.jsx">
        <metrics statements="73" coveredstatements="57" conditionals="48" coveredconditionals="31" methods="27" coveredmethods="19"/>
        <line num="18" count="50" type="stmt"/>
        <line num="19" count="50" type="stmt"/>
        <line num="20" count="50" type="stmt"/>
        <line num="21" count="50" type="stmt"/>
        <line num="22" count="50" type="stmt"/>
        <line num="23" count="50" type="stmt"/>
        <line num="25" count="50" type="stmt"/>
        <line num="27" count="50" type="stmt"/>
        <line num="28" count="8" type="stmt"/>
        <line num="35" count="50" type="stmt"/>
        <line num="36" count="40" type="cond" truecount="1" falsecount="1"/>
        <line num="39" count="40" type="cond" truecount="4" falsecount="0"/>
        <line num="40" count="1" type="stmt"/>
        <line num="41" count="1" type="stmt"/>
        <line num="42" count="1" type="stmt"/>
        <line num="44" count="39" type="cond" truecount="2" falsecount="0"/>
        <line num="45" count="28" type="cond" truecount="2" falsecount="2"/>
        <line num="46" count="28" type="cond" truecount="2" falsecount="2"/>
        <line num="47" count="0" type="stmt"/>
        <line num="48" count="0" type="stmt"/>
        <line num="50" count="28" type="stmt"/>
        <line num="57" count="50" type="stmt"/>
        <line num="58" count="10" type="cond" truecount="1" falsecount="1"/>
        <line num="59" count="10" type="stmt"/>
        <line num="60" count="10" type="stmt"/>
        <line num="61" count="10" type="stmt"/>
        <line num="62" count="10" type="stmt"/>
        <line num="69" count="50" type="stmt"/>
        <line num="70" count="1" type="cond" truecount="1" falsecount="1"/>
        <line num="71" count="1" type="cond" truecount="1" falsecount="1"/>
        <line num="72" count="0" type="stmt"/>
        <line num="73" count="0" type="stmt"/>
        <line num="75" count="1" type="stmt"/>
        <line num="76" count="1" type="stmt"/>
        <line num="82" count="50" type="stmt"/>
        <line num="83" count="1" type="cond" truecount="1" falsecount="1"/>
        <line num="84" count="1" type="stmt"/>
        <line num="85" count="1" type="cond" truecount="1" falsecount="1"/>
        <line num="86" count="0" type="stmt"/>
        <line num="88" count="1" type="cond" truecount="1" falsecount="1"/>
        <line num="89" count="1" type="stmt"/>
        <line num="91" count="1" type="cond" truecount="1" falsecount="1"/>
        <line num="92" count="0" type="stmt"/>
        <line num="94" count="1" type="cond" truecount="1" falsecount="1"/>
        <line num="95" count="0" type="stmt"/>
        <line num="98" count="1" type="cond" truecount="1" falsecount="1"/>
        <line num="99" count="0" type="stmt"/>
        <line num="101" count="1" type="cond" truecount="1" falsecount="1"/>
        <line num="102" count="0" type="stmt"/>
        <line num="104" count="1" type="stmt"/>
        <line num="105" count="1" type="stmt"/>
        <line num="106" count="1" type="stmt"/>
        <line num="109" count="50" type="stmt"/>
        <line num="129" count="0" type="stmt"/>
        <line num="139" count="1" type="stmt"/>
        <line num="155" count="110" type="stmt"/>
        <line num="181" count="0" type="stmt"/>
        <line num="189" count="0" type="stmt"/>
        <line num="198" count="0" type="stmt"/>
        <line num="206" count="0" type="stmt"/>
        <line num="215" count="0" type="stmt"/>
        <line num="223" count="1" type="stmt"/>
        <line num="231" count="0" type="stmt"/>
        <line num="242" count="1" type="stmt"/>
        <line num="249" count="1" type="stmt"/>
        <line num="256" count="11" type="stmt"/>
        <line num="263" count="1" type="stmt"/>
        <line num="270" count="1" type="stmt"/>
        <line num="277" count="1" type="stmt"/>
        <line num="284" count="21" type="stmt"/>
        <line num="291" count="1" type="stmt"/>
        <line num="298" count="1" type="stmt"/>
        <line num="305" count="1" type="stmt"/>
      </file>
      <file name="CalculatorButton.jsx" path="/Users/guillermosantosbarrios/Developer/Web Development/Curso Progra Web/lab-10/src/components/CalculatorButton.jsx">
        <metrics statements="1" coveredstatements="1" conditionals="0" coveredconditionals="0" methods="1" coveredmethods="1"/>
        <line num="4" count="950" type="stmt"/>
      </file>
    </package>
    <package name="src.utils">
      <metrics statements="6" coveredstatements="6" conditionals="0" coveredconditionals="0" methods="6" coveredmethods="6"/>
      <file name="operations.js" path="/Users/guillermosantosbarrios/Developer/Web Development/Curso Progra Web/lab-10/src/utils/operations.js">
        <metrics statements="6" coveredstatements="6" conditionals="0" coveredconditionals="0" methods="6" coveredmethods="6"/>
        <line num="7" count="3" type="stmt"/>
        <line num="15" count="2" type="stmt"/>
        <line num="23" count="2" type="stmt"/>
        <line num="31" count="2" type="stmt"/>
        <line num="39" count="2" type="stmt"/>
        <line num="46" count="2" type="stmt"/>
      </file>
    </package>
  </project>
</coverage>
