{"/Users/guillermosantosbarrios/Developer/Web Development/Curso Progra Web/lab-10/src/index.js": {"path":"/Users/guillermosantosbarrios/Developer/Web Development/Curso Progra Web/lab-10/src/index.js","statementMap":{"0":{"start":{"line":6,"column":0},"end":{"line":6,"column":56}}},"fnMap":{},"branchMap":{},"s":{"0":0},"f":{},"b":{}}
,"/Users/guillermosantosbarrios/Developer/Web Development/Curso Progra Web/lab-10/src/components/App.jsx": {"path":"/Users/guillermosantosbarrios/Developer/Web Development/Curso Progra Web/lab-10/src/components/App.jsx","statementMap":{"0":{"start":{"line":18,"column":32},"end":{"line":18,"column":44}},"1":{"start":{"line":19,"column":24},"end":{"line":19,"column":35}},"2":{"start":{"line":20,"column":50},"end":{"line":20,"column":64}},"3":{"start":{"line":21,"column":36},"end":{"line":21,"column":51}},"4":{"start":{"line":22,"column":32},"end":{"line":22,"column":46}},"5":{"start":{"line":23,"column":38},"end":{"line":23,"column":52}},"6":{"start":{"line":25,"column":22},"end":{"line":25,"column":55}},"7":{"start":{"line":27,"column":2},"end":{"line":29,"column":8}},"8":{"start":{"line":28,"column":4},"end":{"line":28,"column":15}},"9":{"start":{"line":35,"column":24},"end":{"line":52,"column":3}},"10":{"start":{"line":36,"column":4},"end":{"line":36,"column":28}},"11":{"start":{"line":36,"column":17},"end":{"line":36,"column":28}},"12":{"start":{"line":39,"column":4},"end":{"line":51,"column":5}},"13":{"start":{"line":40,"column":6},"end":{"line":40,"column":36}},"14":{"start":{"line":41,"column":6},"end":{"line":41,"column":25}},"15":{"start":{"line":42,"column":6},"end":{"line":42,"column":25}},"16":{"start":{"line":44,"column":6},"end":{"line":44,"column":38}},"17":{"start":{"line":44,"column":32},"end":{"line":44,"column":38}},"18":{"start":{"line":45,"column":6},"end":{"line":45,"column":65}},"19":{"start":{"line":45,"column":47},"end":{"line":45,"column":56}},"20":{"start":{"line":45,"column":59},"end":{"line":45,"column":65}},"21":{"start":{"line":46,"column":6},"end":{"line":49,"column":7}},"22":{"start":{"line":47,"column":8},"end":{"line":47,"column":28}},"23":{"start":{"line":48,"column":8},"end":{"line":48,"column":14}},"24":{"start":{"line":50,"column":6},"end":{"line":50,"column":37}},"25":{"start":{"line":57,"column":23},"end":{"line":63,"column":3}},"26":{"start":{"line":58,"column":4},"end":{"line":58,"column":28}},"27":{"start":{"line":58,"column":17},"end":{"line":58,"column":28}},"28":{"start":{"line":59,"column":4},"end":{"line":59,"column":13}},"29":{"start":{"line":60,"column":4},"end":{"line":60,"column":29}},"30":{"start":{"line":61,"column":4},"end":{"line":61,"column":23}},"31":{"start":{"line":62,"column":4},"end":{"line":62,"column":18}},"32":{"start":{"line":69,"column":26},"end":{"line":77,"column":3}},"33":{"start":{"line":70,"column":4},"end":{"line":70,"column":28}},"34":{"start":{"line":70,"column":17},"end":{"line":70,"column":28}},"35":{"start":{"line":71,"column":4},"end":{"line":74,"column":5}},"36":{"start":{"line":72,"column":6},"end":{"line":72,"column":56}},"37":{"start":{"line":73,"column":6},"end":{"line":73,"column":12}},"38":{"start":{"line":75,"column":4},"end":{"line":75,"column":33}},"39":{"start":{"line":76,"column":4},"end":{"line":76,"column":22}},"40":{"start":{"line":82,"column":23},"end":{"line":107,"column":3}},"41":{"start":{"line":83,"column":4},"end":{"line":83,"column":28}},"42":{"start":{"line":83,"column":17},"end":{"line":83,"column":28}},"43":{"start":{"line":84,"column":17},"end":{"line":84,"column":20}},"44":{"start":{"line":85,"column":4},"end":{"line":87,"column":5}},"45":{"start":{"line":86,"column":6},"end":{"line":86,"column":12}},"46":{"start":{"line":88,"column":4},"end":{"line":90,"column":5}},"47":{"start":{"line":89,"column":6},"end":{"line":89,"column":50}},"48":{"start":{"line":91,"column":4},"end":{"line":93,"column":5}},"49":{"start":{"line":92,"column":6},"end":{"line":92,"column":50}},"50":{"start":{"line":94,"column":4},"end":{"line":96,"column":5}},"51":{"start":{"line":95,"column":6},"end":{"line":95,"column":53}},"52":{"start":{"line":98,"column":4},"end":{"line":100,"column":5}},"53":{"start":{"line":99,"column":6},"end":{"line":99,"column":50}},"54":{"start":{"line":101,"column":4},"end":{"line":103,"column":5}},"55":{"start":{"line":102,"column":6},"end":{"line":102,"column":55}},"56":{"start":{"line":104,"column":4},"end":{"line":104,"column":18}},"57":{"start":{"line":105,"column":4},"end":{"line":105,"column":37}},"58":{"start":{"line":106,"column":4},"end":{"line":106,"column":29}},"59":{"start":{"line":109,"column":2},"end":{"line":312,"column":3}},"60":{"start":{"line":129,"column":12},"end":{"line":129,"column":32}},"61":{"start":{"line":139,"column":12},"end":{"line":139,"column":38}},"62":{"start":{"line":155,"column":14},"end":{"line":161,"column":21}},"63":{"start":{"line":181,"column":14},"end":{"line":181,"column":36}},"64":{"start":{"line":189,"column":14},"end":{"line":189,"column":34}},"65":{"start":{"line":198,"column":14},"end":{"line":198,"column":34}},"66":{"start":{"line":206,"column":14},"end":{"line":206,"column":34}},"67":{"start":{"line":215,"column":14},"end":{"line":215,"column":34}},"68":{"start":{"line":223,"column":14},"end":{"line":223,"column":34}},"69":{"start":{"line":231,"column":14},"end":{"line":231,"column":32}},"70":{"start":{"line":242,"column":14},"end":{"line":242,"column":30}},"71":{"start":{"line":249,"column":14},"end":{"line":249,"column":30}},"72":{"start":{"line":256,"column":14},"end":{"line":256,"column":30}},"73":{"start":{"line":263,"column":14},"end":{"line":263,"column":30}},"74":{"start":{"line":270,"column":14},"end":{"line":270,"column":30}},"75":{"start":{"line":277,"column":14},"end":{"line":277,"column":30}},"76":{"start":{"line":284,"column":14},"end":{"line":284,"column":30}},"77":{"start":{"line":291,"column":14},"end":{"line":291,"column":30}},"78":{"start":{"line":298,"column":14},"end":{"line":298,"column":30}},"79":{"start":{"line":305,"column":14},"end":{"line":305,"column":30}}},"fnMap":{"0":{"name":"App","decl":{"start":{"line":17,"column":9},"end":{"line":17,"column":12}},"loc":{"start":{"line":17,"column":15},"end":{"line":313,"column":1}},"line":17},"1":{"name":"(anonymous_1)","decl":{"start":{"line":27,"column":12},"end":{"line":27,"column":13}},"loc":{"start":{"line":27,"column":18},"end":{"line":29,"column":3}},"line":27},"2":{"name":"(anonymous_2)","decl":{"start":{"line":35,"column":24},"end":{"line":35,"column":25}},"loc":{"start":{"line":35,"column":35},"end":{"line":52,"column":3}},"line":35},"3":{"name":"(anonymous_3)","decl":{"start":{"line":45,"column":40},"end":{"line":45,"column":41}},"loc":{"start":{"line":45,"column":47},"end":{"line":45,"column":56}},"line":45},"4":{"name":"(anonymous_4)","decl":{"start":{"line":57,"column":23},"end":{"line":57,"column":24}},"loc":{"start":{"line":57,"column":29},"end":{"line":63,"column":3}},"line":57},"5":{"name":"(anonymous_5)","decl":{"start":{"line":69,"column":26},"end":{"line":69,"column":27}},"loc":{"start":{"line":69,"column":40},"end":{"line":77,"column":3}},"line":69},"6":{"name":"(anonymous_6)","decl":{"start":{"line":82,"column":23},"end":{"line":82,"column":24}},"loc":{"start":{"line":82,"column":29},"end":{"line":107,"column":3}},"line":82},"7":{"name":"(anonymous_7)","decl":{"start":{"line":128,"column":19},"end":{"line":128,"column":20}},"loc":{"start":{"line":128,"column":25},"end":{"line":130,"column":11}},"line":128},"8":{"name":"(anonymous_8)","decl":{"start":{"line":138,"column":19},"end":{"line":138,"column":20}},"loc":{"start":{"line":138,"column":25},"end":{"line":140,"column":11}},"line":138},"9":{"name":"(anonymous_9)","decl":{"start":{"line":154,"column":24},"end":{"line":154,"column":25}},"loc":{"start":{"line":155,"column":14},"end":{"line":161,"column":21}},"line":155},"10":{"name":"(anonymous_10)","decl":{"start":{"line":180,"column":21},"end":{"line":180,"column":22}},"loc":{"start":{"line":180,"column":27},"end":{"line":182,"column":13}},"line":180},"11":{"name":"(anonymous_11)","decl":{"start":{"line":188,"column":21},"end":{"line":188,"column":22}},"loc":{"start":{"line":188,"column":27},"end":{"line":190,"column":13}},"line":188},"12":{"name":"(anonymous_12)","decl":{"start":{"line":197,"column":21},"end":{"line":197,"column":22}},"loc":{"start":{"line":197,"column":27},"end":{"line":199,"column":13}},"line":197},"13":{"name":"(anonymous_13)","decl":{"start":{"line":205,"column":21},"end":{"line":205,"column":22}},"loc":{"start":{"line":205,"column":27},"end":{"line":207,"column":13}},"line":205},"14":{"name":"(anonymous_14)","decl":{"start":{"line":214,"column":21},"end":{"line":214,"column":22}},"loc":{"start":{"line":214,"column":27},"end":{"line":216,"column":13}},"line":214},"15":{"name":"(anonymous_15)","decl":{"start":{"line":222,"column":21},"end":{"line":222,"column":22}},"loc":{"start":{"line":222,"column":27},"end":{"line":224,"column":13}},"line":222},"16":{"name":"(anonymous_16)","decl":{"start":{"line":230,"column":21},"end":{"line":230,"column":22}},"loc":{"start":{"line":230,"column":27},"end":{"line":232,"column":13}},"line":230},"17":{"name":"(anonymous_17)","decl":{"start":{"line":241,"column":21},"end":{"line":241,"column":22}},"loc":{"start":{"line":241,"column":27},"end":{"line":243,"column":13}},"line":241},"18":{"name":"(anonymous_18)","decl":{"start":{"line":248,"column":21},"end":{"line":248,"column":22}},"loc":{"start":{"line":248,"column":27},"end":{"line":250,"column":13}},"line":248},"19":{"name":"(anonymous_19)","decl":{"start":{"line":255,"column":21},"end":{"line":255,"column":22}},"loc":{"start":{"line":255,"column":27},"end":{"line":257,"column":13}},"line":255},"20":{"name":"(anonymous_20)","decl":{"start":{"line":262,"column":21},"end":{"line":262,"column":22}},"loc":{"start":{"line":262,"column":27},"end":{"line":264,"column":13}},"line":262},"21":{"name":"(anonymous_21)","decl":{"start":{"line":269,"column":21},"end":{"line":269,"column":22}},"loc":{"start":{"line":269,"column":27},"end":{"line":271,"column":13}},"line":269},"22":{"name":"(anonymous_22)","decl":{"start":{"line":276,"column":21},"end":{"line":276,"column":22}},"loc":{"start":{"line":276,"column":27},"end":{"line":278,"column":13}},"line":276},"23":{"name":"(anonymous_23)","decl":{"start":{"line":283,"column":21},"end":{"line":283,"column":22}},"loc":{"start":{"line":283,"column":27},"end":{"line":285,"column":13}},"line":283},"24":{"name":"(anonymous_24)","decl":{"start":{"line":290,"column":21},"end":{"line":290,"column":22}},"loc":{"start":{"line":290,"column":27},"end":{"line":292,"column":13}},"line":290},"25":{"name":"(anonymous_25)","decl":{"start":{"line":297,"column":21},"end":{"line":297,"column":22}},"loc":{"start":{"line":297,"column":27},"end":{"line":299,"column":13}},"line":297},"26":{"name":"(anonymous_26)","decl":{"start":{"line":304,"column":21},"end":{"line":304,"column":22}},"loc":{"start":{"line":304,"column":27},"end":{"line":306,"column":13}},"line":304}},"branchMap":{"0":{"loc":{"start":{"line":36,"column":4},"end":{"line":36,"column":28}},"type":"if","locations":[{"start":{"line":36,"column":4},"end":{"line":36,"column":28}},{"start":{},"end":{}}],"line":36},"1":{"loc":{"start":{"line":39,"column":4},"end":{"line":51,"column":5}},"type":"if","locations":[{"start":{"line":39,"column":4},"end":{"line":51,"column":5}},{"start":{"line":43,"column":11},"end":{"line":51,"column":5}}],"line":39},"2":{"loc":{"start":{"line":39,"column":8},"end":{"line":39,"column":46}},"type":"binary-expr","locations":[{"start":{"line":39,"column":8},"end":{"line":39,"column":24}},{"start":{"line":39,"column":28},"end":{"line":39,"column":46}}],"line":39},"3":{"loc":{"start":{"line":44,"column":6},"end":{"line":44,"column":38}},"type":"if","locations":[{"start":{"line":44,"column":6},"end":{"line":44,"column":38}},{"start":{},"end":{}}],"line":44},"4":{"loc":{"start":{"line":45,"column":6},"end":{"line":45,"column":65}},"type":"if","locations":[{"start":{"line":45,"column":6},"end":{"line":45,"column":65}},{"start":{},"end":{}}],"line":45},"5":{"loc":{"start":{"line":45,"column":10},"end":{"line":45,"column":57}},"type":"binary-expr","locations":[{"start":{"line":45,"column":10},"end":{"line":45,"column":23}},{"start":{"line":45,"column":27},"end":{"line":45,"column":57}}],"line":45},"6":{"loc":{"start":{"line":46,"column":6},"end":{"line":49,"column":7}},"type":"if","locations":[{"start":{"line":46,"column":6},"end":{"line":49,"column":7}},{"start":{},"end":{}}],"line":46},"7":{"loc":{"start":{"line":46,"column":10},"end":{"line":46,"column":47}},"type":"binary-expr","locations":[{"start":{"line":46,"column":10},"end":{"line":46,"column":23}},{"start":{"line":46,"column":27},"end":{"line":46,"column":47}}],"line":46},"8":{"loc":{"start":{"line":58,"column":4},"end":{"line":58,"column":28}},"type":"if","locations":[{"start":{"line":58,"column":4},"end":{"line":58,"column":28}},{"start":{},"end":{}}],"line":58},"9":{"loc":{"start":{"line":70,"column":4},"end":{"line":70,"column":28}},"type":"if","locations":[{"start":{"line":70,"column":4},"end":{"line":70,"column":28}},{"start":{},"end":{}}],"line":70},"10":{"loc":{"start":{"line":71,"column":4},"end":{"line":74,"column":5}},"type":"if","locations":[{"start":{"line":71,"column":4},"end":{"line":74,"column":5}},{"start":{},"end":{}}],"line":71},"11":{"loc":{"start":{"line":83,"column":4},"end":{"line":83,"column":28}},"type":"if","locations":[{"start":{"line":83,"column":4},"end":{"line":83,"column":28}},{"start":{},"end":{}}],"line":83},"12":{"loc":{"start":{"line":85,"column":4},"end":{"line":87,"column":5}},"type":"if","locations":[{"start":{"line":85,"column":4},"end":{"line":87,"column":5}},{"start":{},"end":{}}],"line":85},"13":{"loc":{"start":{"line":88,"column":4},"end":{"line":90,"column":5}},"type":"if","locations":[{"start":{"line":88,"column":4},"end":{"line":90,"column":5}},{"start":{},"end":{}}],"line":88},"14":{"loc":{"start":{"line":91,"column":4},"end":{"line":93,"column":5}},"type":"if","locations":[{"start":{"line":91,"column":4},"end":{"line":93,"column":5}},{"start":{},"end":{}}],"line":91},"15":{"loc":{"start":{"line":94,"column":4},"end":{"line":96,"column":5}},"type":"if","locations":[{"start":{"line":94,"column":4},"end":{"line":96,"column":5}},{"start":{},"end":{}}],"line":94},"16":{"loc":{"start":{"line":98,"column":4},"end":{"line":100,"column":5}},"type":"if","locations":[{"start":{"line":98,"column":4},"end":{"line":100,"column":5}},{"start":{},"end":{}}],"line":98},"17":{"loc":{"start":{"line":101,"column":4},"end":{"line":103,"column":5}},"type":"if","locations":[{"start":{"line":101,"column":4},"end":{"line":103,"column":5}},{"start":{},"end":{}}],"line":101},"18":{"loc":{"start":{"line":124,"column":12},"end":{"line":124,"column":50}},"type":"cond-expr","locations":[{"start":{"line":124,"column":22},"end":{"line":124,"column":24}},{"start":{"line":124,"column":27},"end":{"line":124,"column":50}}],"line":124},"19":{"loc":{"start":{"line":132,"column":11},"end":{"line":132,"column":54}},"type":"cond-expr","locations":[{"start":{"line":132,"column":21},"end":{"line":132,"column":35}},{"start":{"line":132,"column":38},"end":{"line":132,"column":54}}],"line":132},"20":{"loc":{"start":{"line":142,"column":11},"end":{"line":142,"column":46}},"type":"cond-expr","locations":[{"start":{"line":142,"column":24},"end":{"line":142,"column":33}},{"start":{"line":142,"column":36},"end":{"line":142,"column":46}}],"line":142},"21":{"loc":{"start":{"line":146,"column":33},"end":{"line":146,"column":69}},"type":"cond-expr","locations":[{"start":{"line":146,"column":46},"end":{"line":146,"column":48}},{"start":{"line":146,"column":51},"end":{"line":146,"column":69}}],"line":146},"22":{"loc":{"start":{"line":151,"column":13},"end":{"line":151,"column":43}},"type":"cond-expr","locations":[{"start":{"line":151,"column":35},"end":{"line":151,"column":38}},{"start":{"line":151,"column":41},"end":{"line":151,"column":43}}],"line":151},"23":{"loc":{"start":{"line":153,"column":11},"end":{"line":167,"column":11}},"type":"cond-expr","locations":[{"start":{"line":154,"column":12},"end":{"line":162,"column":14}},{"start":{"line":164,"column":12},"end":{"line":166,"column":19}}],"line":153}},"s":{"0":50,"1":50,"2":50,"3":50,"4":50,"5":50,"6":50,"7":50,"8":8,"9":50,"10":40,"11":40,"12":40,"13":1,"14":1,"15":1,"16":39,"17":11,"18":28,"19":0,"20":0,"21":28,"22":0,"23":0,"24":28,"25":50,"26":10,"27":10,"28":10,"29":10,"30":10,"31":10,"32":50,"33":1,"34":1,"35":1,"36":0,"37":0,"38":1,"39":1,"40":50,"41":1,"42":1,"43":1,"44":1,"45":0,"46":1,"47":1,"48":1,"49":0,"50":1,"51":0,"52":1,"53":0,"54":1,"55":0,"56":1,"57":1,"58":1,"59":50,"60":0,"61":1,"62":110,"63":0,"64":0,"65":0,"66":0,"67":0,"68":1,"69":0,"70":1,"71":1,"72":11,"73":1,"74":1,"75":1,"76":21,"77":1,"78":1,"79":1},"f":{"0":50,"1":8,"2":40,"3":0,"4":10,"5":1,"6":1,"7":0,"8":1,"9":110,"10":0,"11":0,"12":0,"13":0,"14":0,"15":1,"16":0,"17":1,"18":1,"19":11,"20":1,"21":1,"22":1,"23":21,"24":1,"25":1,"26":1},"b":{"0":[40,0],"1":[1,39],"2":[40,1],"3":[11,28],"4":[0,28],"5":[28,0],"6":[0,28],"7":[28,0],"8":[10,0],"9":[1,0],"10":[0,1],"11":[1,0],"12":[0,1],"13":[1,0],"14":[0,1],"15":[0,1],"16":[0,1],"17":[0,1],"18":[50,0],"19":[50,0],"20":[49,1],"21":[49,1],"22":[49,1],"23":[49,1]},"_coverageSchema":"1a1c01bbd47fc00a2c39e90264f33305004495a9","hash":"1bbf979bb636ad6bbd50be972bc4611a37dad3af"}
,"/Users/guillermosantosbarrios/Developer/Web Development/Curso Progra Web/lab-10/src/components/CalculatorButton.jsx": {"path":"/Users/guillermosantosbarrios/Developer/Web Development/Curso Progra Web/lab-10/src/components/CalculatorButton.jsx","statementMap":{"0":{"start":{"line":4,"column":2},"end":{"line":12,"column":3}}},"fnMap":{"0":{"name":"CalculatorButton","decl":{"start":{"line":3,"column":9},"end":{"line":3,"column":25}},"loc":{"start":{"line":3,"column":59},"end":{"line":13,"column":1}},"line":3}},"branchMap":{},"s":{"0":950},"f":{"0":950},"b":{},"_coverageSchema":"1a1c01bbd47fc00a2c39e90264f33305004495a9","hash":"8a190205a357c42f0a551a4c2370aed0444d3574"}
,"/Users/guillermosantosbarrios/Developer/Web Development/Curso Progra Web/lab-10/src/utils/operations.js": {"path":"/Users/guillermosantosbarrios/Developer/Web Development/Curso Progra Web/lab-10/src/utils/operations.js","statementMap":{"0":{"start":{"line":7,"column":19},"end":{"line":7,"column":34}},"1":{"start":{"line":7,"column":29},"end":{"line":7,"column":34}},"2":{"start":{"line":15,"column":19},"end":{"line":15,"column":34}},"3":{"start":{"line":15,"column":29},"end":{"line":15,"column":34}},"4":{"start":{"line":23,"column":22},"end":{"line":23,"column":37}},"5":{"start":{"line":23,"column":32},"end":{"line":23,"column":37}},"6":{"start":{"line":31,"column":24},"end":{"line":31,"column":39}},"7":{"start":{"line":31,"column":34},"end":{"line":31,"column":39}},"8":{"start":{"line":39,"column":19},"end":{"line":39,"column":34}},"9":{"start":{"line":39,"column":29},"end":{"line":39,"column":34}},"10":{"start":{"line":46,"column":29},"end":{"line":46,"column":58}},"11":{"start":{"line":46,"column":38},"end":{"line":46,"column":58}}},"fnMap":{"0":{"name":"(anonymous_0)","decl":{"start":{"line":7,"column":19},"end":{"line":7,"column":20}},"loc":{"start":{"line":7,"column":29},"end":{"line":7,"column":34}},"line":7},"1":{"name":"(anonymous_1)","decl":{"start":{"line":15,"column":19},"end":{"line":15,"column":20}},"loc":{"start":{"line":15,"column":29},"end":{"line":15,"column":34}},"line":15},"2":{"name":"(anonymous_2)","decl":{"start":{"line":23,"column":22},"end":{"line":23,"column":23}},"loc":{"start":{"line":23,"column":32},"end":{"line":23,"column":37}},"line":23},"3":{"name":"(anonymous_3)","decl":{"start":{"line":31,"column":24},"end":{"line":31,"column":25}},"loc":{"start":{"line":31,"column":34},"end":{"line":31,"column":39}},"line":31},"4":{"name":"(anonymous_4)","decl":{"start":{"line":39,"column":19},"end":{"line":39,"column":20}},"loc":{"start":{"line":39,"column":29},"end":{"line":39,"column":34}},"line":39},"5":{"name":"(anonymous_5)","decl":{"start":{"line":46,"column":29},"end":{"line":46,"column":30}},"loc":{"start":{"line":46,"column":38},"end":{"line":46,"column":58}},"line":46}},"branchMap":{},"s":{"0":2,"1":3,"2":2,"3":1,"4":2,"5":1,"6":2,"7":1,"8":2,"9":1,"10":2,"11":2},"f":{"0":3,"1":1,"2":1,"3":1,"4":1,"5":2},"b":{},"_coverageSchema":"1a1c01bbd47fc00a2c39e90264f33305004495a9","hash":"dbbd0fa46d90181e2ec54450d865e8c00e7bf725"}
}
