TN:
SF:src/index.js
FNF:0
FNH:0
DA:6,0
LF:1
LH:0
BRF:0
BRH:0
end_of_record
TN:
SF:src/components/App.jsx
FN:17,App
FN:27,(anonymous_1)
FN:35,(anonymous_2)
FN:45,(anonymous_3)
FN:57,(anonymous_4)
FN:69,(anonymous_5)
FN:82,(anonymous_6)
FN:128,(anonymous_7)
FN:138,(anonymous_8)
FN:154,(anonymous_9)
FN:180,(anonymous_10)
FN:188,(anonymous_11)
FN:197,(anonymous_12)
FN:205,(anonymous_13)
FN:214,(anonymous_14)
FN:222,(anonymous_15)
FN:230,(anonymous_16)
FN:241,(anonymous_17)
FN:248,(anonymous_18)
FN:255,(anonymous_19)
FN:262,(anonymous_20)
FN:269,(anonymous_21)
FN:276,(anonymous_22)
FN:283,(anonymous_23)
FN:290,(anonymous_24)
FN:297,(anonymous_25)
FN:304,(anonymous_26)
FNF:27
FNH:19
FNDA:50,App
FNDA:8,(anonymous_1)
FNDA:40,(anonymous_2)
FNDA:0,(anonymous_3)
FNDA:10,(anonymous_4)
FNDA:1,(anonymous_5)
FNDA:1,(anonymous_6)
FNDA:0,(anonymous_7)
FNDA:1,(anonymous_8)
FNDA:110,(anonymous_9)
FNDA:0,(anonymous_10)
FNDA:0,(anonymous_11)
FNDA:0,(anonymous_12)
FNDA:0,(anonymous_13)
FNDA:0,(anonymous_14)
FNDA:1,(anonymous_15)
FNDA:0,(anonymous_16)
FNDA:1,(anonymous_17)
FNDA:1,(anonymous_18)
FNDA:11,(anonymous_19)
FNDA:1,(anonymous_20)
FNDA:1,(anonymous_21)
FNDA:1,(anonymous_22)
FNDA:21,(anonymous_23)
FNDA:1,(anonymous_24)
FNDA:1,(anonymous_25)
FNDA:1,(anonymous_26)
DA:18,50
DA:19,50
DA:20,50
DA:21,50
DA:22,50
DA:23,50
DA:25,50
DA:27,50
DA:28,8
DA:35,50
DA:36,40
DA:39,40
DA:40,1
DA:41,1
DA:42,1
DA:44,39
DA:45,28
DA:46,28
DA:47,0
DA:48,0
DA:50,28
DA:57,50
DA:58,10
DA:59,10
DA:60,10
DA:61,10
DA:62,10
DA:69,50
DA:70,1
DA:71,1
DA:72,0
DA:73,0
DA:75,1
DA:76,1
DA:82,50
DA:83,1
DA:84,1
DA:85,1
DA:86,0
DA:88,1
DA:89,1
DA:91,1
DA:92,0
DA:94,1
DA:95,0
DA:98,1
DA:99,0
DA:101,1
DA:102,0
DA:104,1
DA:105,1
DA:106,1
DA:109,50
DA:129,0
DA:139,1
DA:155,110
DA:181,0
DA:189,0
DA:198,0
DA:206,0
DA:215,0
DA:223,1
DA:231,0
DA:242,1
DA:249,1
DA:256,11
DA:263,1
DA:270,1
DA:277,1
DA:284,21
DA:291,1
DA:298,1
DA:305,1
LF:73
LH:57
BRDA:36,0,0,40
BRDA:36,0,1,0
BRDA:39,1,0,1
BRDA:39,1,1,39
BRDA:39,2,0,40
BRDA:39,2,1,1
BRDA:44,3,0,11
BRDA:44,3,1,28
BRDA:45,4,0,0
BRDA:45,4,1,28
BRDA:45,5,0,28
BRDA:45,5,1,0
BRDA:46,6,0,0
BRDA:46,6,1,28
BRDA:46,7,0,28
BRDA:46,7,1,0
BRDA:58,8,0,10
BRDA:58,8,1,0
BRDA:70,9,0,1
BRDA:70,9,1,0
BRDA:71,10,0,0
BRDA:71,10,1,1
BRDA:83,11,0,1
BRDA:83,11,1,0
BRDA:85,12,0,0
BRDA:85,12,1,1
BRDA:88,13,0,1
BRDA:88,13,1,0
BRDA:91,14,0,0
BRDA:91,14,1,1
BRDA:94,15,0,0
BRDA:94,15,1,1
BRDA:98,16,0,0
BRDA:98,16,1,1
BRDA:101,17,0,0
BRDA:101,17,1,1
BRDA:124,18,0,50
BRDA:124,18,1,0
BRDA:132,19,0,50
BRDA:132,19,1,0
BRDA:142,20,0,49
BRDA:142,20,1,1
BRDA:146,21,0,49
BRDA:146,21,1,1
BRDA:151,22,0,49
BRDA:151,22,1,1
BRDA:153,23,0,49
BRDA:153,23,1,1
BRF:48
BRH:31
end_of_record
TN:
SF:src/components/CalculatorButton.jsx
FN:3,CalculatorButton
FNF:1
FNH:1
FNDA:950,CalculatorButton
DA:4,950
LF:1
LH:1
BRF:0
BRH:0
end_of_record
TN:
SF:src/utils/operations.js
FN:7,(anonymous_0)
FN:15,(anonymous_1)
FN:23,(anonymous_2)
FN:31,(anonymous_3)
FN:39,(anonymous_4)
FN:46,(anonymous_5)
FNF:6
FNH:6
FNDA:3,(anonymous_0)
FNDA:1,(anonymous_1)
FNDA:1,(anonymous_2)
FNDA:1,(anonymous_3)
FNDA:1,(anonymous_4)
FNDA:2,(anonymous_5)
DA:7,3
DA:15,2
DA:23,2
DA:31,2
DA:39,2
DA:46,2
LF:6
LH:6
BRF:0
BRH:0
end_of_record
