TN:
SF:src/index.js
FNF:0
FNH:0
DA:6,0
LF:1
LH:0
BRF:0
BRH:0
end_of_record
TN:
SF:src/components/App.jsx
FN:17,App
FN:27,(anonymous_1)
FN:35,(anonymous_2)
FN:45,(anonymous_3)
FN:57,(anonymous_4)
FN:69,(anonymous_5)
FN:82,(anonymous_6)
FN:128,(anonymous_7)
FN:138,(anonymous_8)
FN:154,(anonymous_9)
FN:180,(anonymous_10)
FN:188,(anonymous_11)
FN:197,(anonymous_12)
FN:205,(anonymous_13)
FN:214,(anonymous_14)
FN:222,(anonymous_15)
FN:230,(anonymous_16)
FN:241,(anonymous_17)
FN:248,(anonymous_18)
FN:255,(anonymous_19)
FN:262,(anonymous_20)
FN:269,(anonymous_21)
FN:276,(anonymous_22)
FN:283,(anonymous_23)
FN:290,(anonymous_24)
FN:297,(anonymous_25)
FN:304,(anonymous_26)
FNF:27
FNH:25
FNDA:80,App
FNDA:9,(anonymous_1)
FNDA:52,(anonymous_2)
FNDA:0,(anonymous_3)
FNDA:16,(anonymous_4)
FNDA:7,(anonymous_5)
FNDA:6,(anonymous_6)
FNDA:0,(anonymous_7)
FNDA:1,(anonymous_8)
FNDA:135,(anonymous_9)
FNDA:1,(anonymous_10)
FNDA:1,(anonymous_11)
FNDA:1,(anonymous_12)
FNDA:1,(anonymous_13)
FNDA:1,(anonymous_14)
FNDA:2,(anonymous_15)
FNDA:1,(anonymous_16)
FNDA:1,(anonymous_17)
FNDA:1,(anonymous_18)
FNDA:11,(anonymous_19)
FNDA:9,(anonymous_20)
FNDA:1,(anonymous_21)
FNDA:1,(anonymous_22)
FNDA:21,(anonymous_23)
FNDA:4,(anonymous_24)
FNDA:1,(anonymous_25)
FNDA:1,(anonymous_26)
DA:18,80
DA:19,80
DA:20,80
DA:21,80
DA:22,80
DA:23,80
DA:25,80
DA:27,80
DA:28,9
DA:35,80
DA:36,52
DA:39,52
DA:40,6
DA:41,6
DA:42,6
DA:44,46
DA:45,35
DA:46,35
DA:47,1
DA:48,1
DA:50,34
DA:57,80
DA:58,16
DA:59,16
DA:60,16
DA:61,16
DA:62,16
DA:69,80
DA:70,7
DA:71,7
DA:72,1
DA:73,1
DA:75,6
DA:76,6
DA:82,80
DA:83,6
DA:84,6
DA:85,6
DA:86,0
DA:88,6
DA:89,2
DA:91,6
DA:92,1
DA:94,6
DA:95,1
DA:98,6
DA:99,1
DA:101,6
DA:102,1
DA:104,6
DA:105,6
DA:106,6
DA:109,80
DA:129,0
DA:139,1
DA:155,135
DA:181,1
DA:189,1
DA:198,1
DA:206,1
DA:215,1
DA:223,2
DA:231,1
DA:242,1
DA:249,1
DA:256,11
DA:263,9
DA:270,1
DA:277,1
DA:284,21
DA:291,4
DA:298,1
DA:305,1
LF:73
LH:71
BRDA:36,0,0,52
BRDA:36,0,1,0
BRDA:39,1,0,6
BRDA:39,1,1,46
BRDA:39,2,0,52
BRDA:39,2,1,6
BRDA:44,3,0,11
BRDA:44,3,1,35
BRDA:45,4,0,0
BRDA:45,4,1,35
BRDA:45,5,0,35
BRDA:45,5,1,1
BRDA:46,6,0,1
BRDA:46,6,1,34
BRDA:46,7,0,35
BRDA:46,7,1,1
BRDA:58,8,0,16
BRDA:58,8,1,0
BRDA:70,9,0,7
BRDA:70,9,1,0
BRDA:71,10,0,1
BRDA:71,10,1,6
BRDA:83,11,0,6
BRDA:83,11,1,0
BRDA:85,12,0,0
BRDA:85,12,1,6
BRDA:88,13,0,2
BRDA:88,13,1,4
BRDA:91,14,0,1
BRDA:91,14,1,5
BRDA:94,15,0,1
BRDA:94,15,1,5
BRDA:98,16,0,1
BRDA:98,16,1,5
BRDA:101,17,0,1
BRDA:101,17,1,5
BRDA:124,18,0,80
BRDA:124,18,1,0
BRDA:132,19,0,80
BRDA:132,19,1,0
BRDA:142,20,0,79
BRDA:142,20,1,1
BRDA:146,21,0,79
BRDA:146,21,1,1
BRDA:151,22,0,79
BRDA:151,22,1,1
BRDA:153,23,0,79
BRDA:153,23,1,1
BRF:48
BRH:40
end_of_record
TN:
SF:src/components/CalculatorButton.jsx
FN:3,CalculatorButton
FNF:1
FNH:1
FNDA:1520,CalculatorButton
DA:4,1520
LF:1
LH:1
BRF:0
BRH:0
end_of_record
TN:
SF:src/utils/operations.js
FN:7,(anonymous_0)
FN:15,(anonymous_1)
FN:23,(anonymous_2)
FN:31,(anonymous_3)
FN:39,(anonymous_4)
FN:46,(anonymous_5)
FNF:6
FNH:6
FNDA:4,(anonymous_0)
FNDA:2,(anonymous_1)
FNDA:2,(anonymous_2)
FNDA:2,(anonymous_3)
FNDA:2,(anonymous_4)
FNDA:13,(anonymous_5)
DA:7,4
DA:15,2
DA:23,2
DA:31,2
DA:39,2
DA:46,13
LF:6
LH:6
BRF:0
BRH:0
end_of_record
